Starting project at C:\Users\user\Desktop\PROJECT\BIke-project\frontend\mobile
Starting Metro Bundler

Waiting on http://localhost:8085
Logs for your project will appear below.
Web .\index.ts ▓▓▓▓▓▓▓▓▓▓▓▓░░░░ 77.5% (624/709)
Web Bundled 2585ms index.ts (777 modules)
Web Bundled 113ms index.ts (1 module)
C:\Users\user\Desktop\PROJECT\BIke-project\frontend\mobile\node_modules\expo\node_modules\@expo\cli\build\src\utils\errors.js:130
    throw error;
    ^

Error: ENOENT: no such file or directory, watch 'C:\Users\user\Desktop\PROJECT\BIke-project\frontend\mobile\node_modules\expo\node_modules\.babel-preset-expo-VTEdjuDK\build'
    at FSWatcher.<computed> (node:internal/fs/watchers:254:19)
    at Object.watch (node:fs:2539:36)
    at FallbackWatcher._watchdir (C:\Users\user\Desktop\PROJECT\BIke-project\frontend\mobile\node_modules\metro-file-map\src\watchers\FallbackWatcher.js:119:33)
    at C:\Users\user\Desktop\PROJECT\BIke-project\frontend\mobile\node_modules\metro-file-map\src\watchers\FallbackWatcher.js:219:22
    at Walker.<anonymous> (C:\Users\user\Desktop\PROJECT\BIke-project\frontend\mobile\node_modules\metro-file-map\src\watchers\FallbackWatcher.js:358:5)
    at Walker.emit (node:events:508:28)
    at C:\Users\user\Desktop\PROJECT\BIke-project\frontend\mobile\node_modules\walker\lib\walker.js:69:16
    at FSReqCallback.oncomplete (node:fs:185:23) {
  errno: -4058,
  syscall: 'watch',
  code: 'ENOENT',
  path: 'C:\\Users\\user\\Desktop\\PROJECT\\BIke-project\\frontend\\mobile\\node_modules\\expo\\node_modules\\.babel-preset-expo-VTEdjuDK\\build',
  filename: 'C:\\Users\\user\\Desktop\\PROJECT\\BIke-project\\frontend\\mobile\\node_modules\\expo\\node_modules\\.babel-preset-expo-VTEdjuDK\\build'
}

Node.js v24.11.1
