Starting project at C:\Users\user\Desktop\PROJECT\BIke-project\frontend\mobile
Starting Metro Bundler

warning: Bundler cache is empty, rebuilding (this may take a minute)
Waiting on http://localhost:8090
Logs for your project will appear below.
Web Bundling failed 826ms index.ts (1 module)
 ERROR  Error: Cannot find module 'babel-preset-expo'
Require stack:
- C:\Users\user\Desktop\PROJECT\BIke-project\frontend\mobile\node_modules\@babel\core\lib\config\files\plugins.js
- C:\Users\user\Desktop\PROJECT\BIke-project\frontend\mobile\node_modules\@babel\core\lib\config\files\index.js
- C:\Users\user\Desktop\PROJECT\BIke-project\frontend\mobile\node_modules\@babel\core\lib\index.js
- C:\Users\user\Desktop\PROJECT\BIke-project\frontend\mobile\node_modules\@expo\metro-config\build\transform-worker\metro-transform-worker.js
- C:\Users\user\Desktop\PROJECT\BIke-project\frontend\mobile\node_modules\@expo\metro-config\build\transform-worker\transform-worker.js
- C:\Users\user\Desktop\PROJECT\BIke-project\frontend\mobile\node_modules\metro\src\DeltaBundler\Worker.flow.js
- C:\Users\user\Desktop\PROJECT\BIke-project\frontend\mobile\node_modules\metro\src\DeltaBundler\Worker.js
- C:\Users\user\Desktop\PROJECT\BIke-project\frontend\mobile\node_modules\jest-worker\build\workers\threadChild.js

Make sure that all the Babel plugins and presets you are using
are defined as dependencies or devDependencies in your package.json
file. It's possible that the missing plugin is loaded by a preset
you are using that forgot to add the plugin to its dependencies: you
can workaround this problem by explicitly adding the missing package
to your top-level package.json.

    at Module._resolveFilename (node:internal/modules/cjs/loader:1421:15)
    at resolve (node:internal/modules/helpers:163:19)
    at tryRequireResolve (C:\Users\user\Desktop\PROJECT\BIke-project\frontend\mobile\node_modules\@babel\core\lib\config\files\plugins.js:128:11)
    at resolveStandardizedNameForRequire (C:\Users\user\Desktop\PROJECT\BIke-project\frontend\mobile\node_modules\@babel\core\lib\config\files\plugins.js:162:19)
    at resolveStandardizedName (C:\Users\user\Desktop\PROJECT\BIke-project\frontend\mobile\node_modules\@babel\core\lib\config\files\plugins.js:183:12)
    at loadPreset (C:\Users\user\Desktop\PROJECT\BIke-project\frontend\mobile\node_modules\@babel\core\lib\config\files\plugins.js:68:7)
    at loadPreset.next (<anonymous>)
    at createDescriptor (C:\Users\user\Desktop\PROJECT\BIke-project\frontend\mobile\node_modules\@babel\core\lib\config\config-descriptors.js:140:16)
    at createDescriptor.next (<anonymous>)
    at evaluateSync (C:\Users\user\Desktop\PROJECT\BIke-project\frontend\mobile\node_modules\gensync\index.js:251:28)
    at C:\Users\user\Desktop\PROJECT\BIke-project\frontend\mobile\node_modules\gensync\index.js:31:34
    at Array.map (<anonymous>)
    at gensync.sync (C:\Users\user\Desktop\PROJECT\BIke-project\frontend\mobile\node_modules\gensync\index.js:31:22)
    at gensync.all (C:\Users\user\Desktop\PROJECT\BIke-project\frontend\mobile\node_modules\gensync\index.js:210:24)
    at Generator.next (<anonymous>)
    at createDescriptors (C:\Users\user\Desktop\PROJECT\BIke-project\frontend\mobile\node_modules\@babel\core\lib\config\config-descriptors.js:102:41)
    at createDescriptors.next (<anonymous>)
    at createPresetDescriptors (C:\Users\user\Desktop\PROJECT\BIke-project\frontend\mobile\node_modules\@babel\core\lib\config\config-descriptors.js:96:17)
    at createPresetDescriptors.next (<anonymous>)
    at C:\Users\user\Desktop\PROJECT\BIke-project\frontend\mobile\node_modules\@babel\core\lib\gensync-utils\functional.js:22:27
    at Generator.next (<anonymous>)
    at mergeChainOpts (C:\Users\user\Desktop\PROJECT\BIke-project\frontend\mobile\node_modules\@babel\core\lib\config\config-chain.js:350:34)
    at mergeChainOpts.next (<anonymous>)
    at chainWalker (C:\Users\user\Desktop\PROJECT\BIke-project\frontend\mobile\node_modules\@babel\core\lib\config\config-chain.js:316:14)
    at chainWalker.next (<anonymous>)
    at loadFileChain (C:\Users\user\Desktop\PROJECT\BIke-project\frontend\mobile\node_modules\@babel\core\lib\config\config-chain.js:191:24)
    at loadFileChain.next (<anonymous>)
    at mergeExtendsChain (C:\Users\user\Desktop\PROJECT\BIke-project\frontend\mobile\node_modules\@babel\core\lib\config\config-chain.js:328:28)
    at mergeExtendsChain.next (<anonymous>)
    at chainWalker (C:\Users\user\Desktop\PROJECT\BIke-project\frontend\mobile\node_modules\@babel\core\lib\config\config-chain.js:312:20)
    at chainWalker.next (<anonymous>)
    at buildRootChain (C:\Users\user\Desktop\PROJECT\BIke-project\frontend\mobile\node_modules\@babel\core\lib\config\config-chain.js:56:36)
    at buildRootChain.next (<anonymous>)
    at loadPrivatePartialConfig (C:\Users\user\Desktop\PROJECT\BIke-project\frontend\mobile\node_modules\@babel\core\lib\config\partial.js:72:62)
    at loadPrivatePartialConfig.next (<anonymous>)
    at loadFullConfig (C:\Users\user\Desktop\PROJECT\BIke-project\frontend\mobile\node_modules\@babel\core\lib\config\full.js:36:46)
    at loadFullConfig.next (<anonymous>)
    at transform (C:\Users\user\Desktop\PROJECT\BIke-project\frontend\mobile\node_modules\@babel\core\lib\transform.js:20:44)
    at transform.next (<anonymous>)
    at evaluateSync (C:\Users\user\Desktop\PROJECT\BIke-project\frontend\mobile\node_modules\gensync\index.js:251:28)
    at sync (C:\Users\user\Desktop\PROJECT\BIke-project\frontend\mobile\node_modules\gensync\index.js:89:14)
    at stopHiding - secret - don't use this - v1 (C:\Users\user\Desktop\PROJECT\BIke-project\frontend\mobile\node_modules\@babel\core\lib\errors\rewrite-stack-trace.js:47:12)
    at Object.transformSync (C:\Users\user\Desktop\PROJECT\BIke-project\frontend\mobile\node_modules\@babel\core\lib\transform.js:40:76)
    at parseWithBabel (C:\Users\user\Desktop\PROJECT\BIke-project\frontend\mobile\node_modules\@expo\metro-config\build\transformSync.js:75:18)
    at transformSync (C:\Users\user\Desktop\PROJECT\BIke-project\frontend\mobile\node_modules\@expo\metro-config\build\transformSync.js:54:16)
    at Object.transform (C:\Users\user\Desktop\PROJECT\BIke-project\frontend\mobile\node_modules\@expo\metro-config\build\babel-transformer.js:132:58)
    at transformJSWithBabel (C:\Users\user\Desktop\PROJECT\BIke-project\frontend\mobile\node_modules\@expo\metro-config\build\transform-worker\metro-transform-worker.js:478:47)
    at Object.transform (C:\Users\user\Desktop\PROJECT\BIke-project\frontend\mobile\node_modules\@expo\metro-config\build\transform-worker\metro-transform-worker.js:595:12)
    at Object.transform (C:\Users\user\Desktop\PROJECT\BIke-project\frontend\mobile\node_modules\@expo\metro-config\build\transform-worker\transform-worker.js:178:19)
Web Bundling failed 7ms index.ts (1 module)
 ERROR  Error: Cannot find module 'babel-preset-expo'
Require stack:
- C:\Users\user\Desktop\PROJECT\BIke-project\frontend\mobile\node_modules\@babel\core\lib\config\files\plugins.js
- C:\Users\user\Desktop\PROJECT\BIke-project\frontend\mobile\node_modules\@babel\core\lib\config\files\index.js
- C:\Users\user\Desktop\PROJECT\BIke-project\frontend\mobile\node_modules\@babel\core\lib\index.js
- C:\Users\user\Desktop\PROJECT\BIke-project\frontend\mobile\node_modules\@expo\metro-config\build\transform-worker\metro-transform-worker.js
- C:\Users\user\Desktop\PROJECT\BIke-project\frontend\mobile\node_modules\@expo\metro-config\build\transform-worker\transform-worker.js
- C:\Users\user\Desktop\PROJECT\BIke-project\frontend\mobile\node_modules\metro\src\DeltaBundler\Worker.flow.js
- C:\Users\user\Desktop\PROJECT\BIke-project\frontend\mobile\node_modules\metro\src\DeltaBundler\Worker.js
- C:\Users\user\Desktop\PROJECT\BIke-project\frontend\mobile\node_modules\jest-worker\build\workers\threadChild.js

Make sure that all the Babel plugins and presets you are using
are defined as dependencies or devDependencies in your package.json
file. It's possible that the missing plugin is loaded by a preset
you are using that forgot to add the plugin to its dependencies: you
can workaround this problem by explicitly adding the missing package
to your top-level package.json.

    at Module._resolveFilename (node:internal/modules/cjs/loader:1421:15)
    at resolve (node:internal/modules/helpers:163:19)
    at tryRequireResolve (C:\Users\user\Desktop\PROJECT\BIke-project\frontend\mobile\node_modules\@babel\core\lib\config\files\plugins.js:128:11)
    at resolveStandardizedNameForRequire (C:\Users\user\Desktop\PROJECT\BIke-project\frontend\mobile\node_modules\@babel\core\lib\config\files\plugins.js:162:19)
    at resolveStandardizedName (C:\Users\user\Desktop\PROJECT\BIke-project\frontend\mobile\node_modules\@babel\core\lib\config\files\plugins.js:183:12)
    at loadPreset (C:\Users\user\Desktop\PROJECT\BIke-project\frontend\mobile\node_modules\@babel\core\lib\config\files\plugins.js:68:7)
    at loadPreset.next (<anonymous>)
    at createDescriptor (C:\Users\user\Desktop\PROJECT\BIke-project\frontend\mobile\node_modules\@babel\core\lib\config\config-descriptors.js:140:16)
    at createDescriptor.next (<anonymous>)
    at evaluateSync (C:\Users\user\Desktop\PROJECT\BIke-project\frontend\mobile\node_modules\gensync\index.js:251:28)
    at C:\Users\user\Desktop\PROJECT\BIke-project\frontend\mobile\node_modules\gensync\index.js:31:34
    at Array.map (<anonymous>)
    at gensync.sync (C:\Users\user\Desktop\PROJECT\BIke-project\frontend\mobile\node_modules\gensync\index.js:31:22)
    at gensync.all (C:\Users\user\Desktop\PROJECT\BIke-project\frontend\mobile\node_modules\gensync\index.js:210:24)
    at Generator.next (<anonymous>)
    at createDescriptors (C:\Users\user\Desktop\PROJECT\BIke-project\frontend\mobile\node_modules\@babel\core\lib\config\config-descriptors.js:102:41)
    at createDescriptors.next (<anonymous>)
    at createPresetDescriptors (C:\Users\user\Desktop\PROJECT\BIke-project\frontend\mobile\node_modules\@babel\core\lib\config\config-descriptors.js:96:17)
    at createPresetDescriptors.next (<anonymous>)
    at C:\Users\user\Desktop\PROJECT\BIke-project\frontend\mobile\node_modules\@babel\core\lib\gensync-utils\functional.js:22:27
    at Generator.next (<anonymous>)
    at mergeChainOpts (C:\Users\user\Desktop\PROJECT\BIke-project\frontend\mobile\node_modules\@babel\core\lib\config\config-chain.js:350:34)
    at mergeChainOpts.next (<anonymous>)
    at chainWalker (C:\Users\user\Desktop\PROJECT\BIke-project\frontend\mobile\node_modules\@babel\core\lib\config\config-chain.js:316:14)
    at chainWalker.next (<anonymous>)
    at loadFileChain (C:\Users\user\Desktop\PROJECT\BIke-project\frontend\mobile\node_modules\@babel\core\lib\config\config-chain.js:191:24)
    at loadFileChain.next (<anonymous>)
    at mergeExtendsChain (C:\Users\user\Desktop\PROJECT\BIke-project\frontend\mobile\node_modules\@babel\core\lib\config\config-chain.js:328:28)
    at mergeExtendsChain.next (<anonymous>)
    at chainWalker (C:\Users\user\Desktop\PROJECT\BIke-project\frontend\mobile\node_modules\@babel\core\lib\config\config-chain.js:312:20)
    at chainWalker.next (<anonymous>)
    at buildRootChain (C:\Users\user\Desktop\PROJECT\BIke-project\frontend\mobile\node_modules\@babel\core\lib\config\config-chain.js:56:36)
    at buildRootChain.next (<anonymous>)
    at loadPrivatePartialConfig (C:\Users\user\Desktop\PROJECT\BIke-project\frontend\mobile\node_modules\@babel\core\lib\config\partial.js:72:62)
    at loadPrivatePartialConfig.next (<anonymous>)
    at loadFullConfig (C:\Users\user\Desktop\PROJECT\BIke-project\frontend\mobile\node_modules\@babel\core\lib\config\full.js:36:46)
    at loadFullConfig.next (<anonymous>)
    at transform (C:\Users\user\Desktop\PROJECT\BIke-project\frontend\mobile\node_modules\@babel\core\lib\transform.js:20:44)
    at transform.next (<anonymous>)
    at evaluateSync (C:\Users\user\Desktop\PROJECT\BIke-project\frontend\mobile\node_modules\gensync\index.js:251:28)
    at sync (C:\Users\user\Desktop\PROJECT\BIke-project\frontend\mobile\node_modules\gensync\index.js:89:14)
    at stopHiding - secret - don't use this - v1 (C:\Users\user\Desktop\PROJECT\BIke-project\frontend\mobile\node_modules\@babel\core\lib\errors\rewrite-stack-trace.js:47:12)
    at Object.transformSync (C:\Users\user\Desktop\PROJECT\BIke-project\frontend\mobile\node_modules\@babel\core\lib\transform.js:40:76)
    at parseWithBabel (C:\Users\user\Desktop\PROJECT\BIke-project\frontend\mobile\node_modules\@expo\metro-config\build\transformSync.js:75:18)
    at transformSync (C:\Users\user\Desktop\PROJECT\BIke-project\frontend\mobile\node_modules\@expo\metro-config\build\transformSync.js:54:16)
    at Object.transform (C:\Users\user\Desktop\PROJECT\BIke-project\frontend\mobile\node_modules\@expo\metro-config\build\babel-transformer.js:132:58)
    at transformJSWithBabel (C:\Users\user\Desktop\PROJECT\BIke-project\frontend\mobile\node_modules\@expo\metro-config\build\transform-worker\metro-transform-worker.js:478:47)
    at Object.transform (C:\Users\user\Desktop\PROJECT\BIke-project\frontend\mobile\node_modules\@expo\metro-config\build\transform-worker\metro-transform-worker.js:595:12)
    at Object.transform (C:\Users\user\Desktop\PROJECT\BIke-project\frontend\mobile\node_modules\@expo\metro-config\build\transform-worker\transform-worker.js:178:19)
Web .\index.ts ░░░░░░░░░░░░░░░░  0.0% (0/1)
Web Bundling failed 182ms index.ts (1 module)
 ERROR  Error: Cannot find module 'babel-preset-expo'
Require stack:
- C:\Users\user\Desktop\PROJECT\BIke-project\frontend\mobile\node_modules\@babel\core\lib\config\files\plugins.js
- C:\Users\user\Desktop\PROJECT\BIke-project\frontend\mobile\node_modules\@babel\core\lib\config\files\index.js
- C:\Users\user\Desktop\PROJECT\BIke-project\frontend\mobile\node_modules\@babel\core\lib\index.js
- C:\Users\user\Desktop\PROJECT\BIke-project\frontend\mobile\node_modules\@expo\metro-config\build\transform-worker\metro-transform-worker.js
- C:\Users\user\Desktop\PROJECT\BIke-project\frontend\mobile\node_modules\@expo\metro-config\build\transform-worker\transform-worker.js
- C:\Users\user\Desktop\PROJECT\BIke-project\frontend\mobile\node_modules\metro\src\DeltaBundler\Worker.flow.js
- C:\Users\user\Desktop\PROJECT\BIke-project\frontend\mobile\node_modules\metro\src\DeltaBundler\Worker.js
- C:\Users\user\Desktop\PROJECT\BIke-project\frontend\mobile\node_modules\jest-worker\build\workers\threadChild.js

Make sure that all the Babel plugins and presets you are using
are defined as dependencies or devDependencies in your package.json
file. It's possible that the missing plugin is loaded by a preset
you are using that forgot to add the plugin to its dependencies: you
can workaround this problem by explicitly adding the missing package
to your top-level package.json.

    at Module._resolveFilename (node:internal/modules/cjs/loader:1421:15)
    at resolve (node:internal/modules/helpers:163:19)
    at tryRequireResolve (C:\Users\user\Desktop\PROJECT\BIke-project\frontend\mobile\node_modules\@babel\core\lib\config\files\plugins.js:128:11)
    at resolveStandardizedNameForRequire (C:\Users\user\Desktop\PROJECT\BIke-project\frontend\mobile\node_modules\@babel\core\lib\config\files\plugins.js:162:19)
    at resolveStandardizedName (C:\Users\user\Desktop\PROJECT\BIke-project\frontend\mobile\node_modules\@babel\core\lib\config\files\plugins.js:183:12)
    at loadPreset (C:\Users\user\Desktop\PROJECT\BIke-project\frontend\mobile\node_modules\@babel\core\lib\config\files\plugins.js:68:7)
    at loadPreset.next (<anonymous>)
    at createDescriptor (C:\Users\user\Desktop\PROJECT\BIke-project\frontend\mobile\node_modules\@babel\core\lib\config\config-descriptors.js:140:16)
    at createDescriptor.next (<anonymous>)
    at evaluateSync (C:\Users\user\Desktop\PROJECT\BIke-project\frontend\mobile\node_modules\gensync\index.js:251:28)
    at C:\Users\user\Desktop\PROJECT\BIke-project\frontend\mobile\node_modules\gensync\index.js:31:34
    at Array.map (<anonymous>)
    at gensync.sync (C:\Users\user\Desktop\PROJECT\BIke-project\frontend\mobile\node_modules\gensync\index.js:31:22)
    at gensync.all (C:\Users\user\Desktop\PROJECT\BIke-project\frontend\mobile\node_modules\gensync\index.js:210:24)
    at Generator.next (<anonymous>)
    at createDescriptors (C:\Users\user\Desktop\PROJECT\BIke-project\frontend\mobile\node_modules\@babel\core\lib\config\config-descriptors.js:102:41)
    at createDescriptors.next (<anonymous>)
    at createPresetDescriptors (C:\Users\user\Desktop\PROJECT\BIke-project\frontend\mobile\node_modules\@babel\core\lib\config\config-descriptors.js:96:17)
    at createPresetDescriptors.next (<anonymous>)
    at C:\Users\user\Desktop\PROJECT\BIke-project\frontend\mobile\node_modules\@babel\core\lib\gensync-utils\functional.js:22:27
    at Generator.next (<anonymous>)
    at mergeChainOpts (C:\Users\user\Desktop\PROJECT\BIke-project\frontend\mobile\node_modules\@babel\core\lib\config\config-chain.js:350:34)
    at mergeChainOpts.next (<anonymous>)
    at chainWalker (C:\Users\user\Desktop\PROJECT\BIke-project\frontend\mobile\node_modules\@babel\core\lib\config\config-chain.js:316:14)
    at chainWalker.next (<anonymous>)
    at loadFileChain (C:\Users\user\Desktop\PROJECT\BIke-project\frontend\mobile\node_modules\@babel\core\lib\config\config-chain.js:191:24)
    at loadFileChain.next (<anonymous>)
    at mergeExtendsChain (C:\Users\user\Desktop\PROJECT\BIke-project\frontend\mobile\node_modules\@babel\core\lib\config\config-chain.js:328:28)
    at mergeExtendsChain.next (<anonymous>)
    at chainWalker (C:\Users\user\Desktop\PROJECT\BIke-project\frontend\mobile\node_modules\@babel\core\lib\config\config-chain.js:312:20)
    at chainWalker.next (<anonymous>)
    at buildRootChain (C:\Users\user\Desktop\PROJECT\BIke-project\frontend\mobile\node_modules\@babel\core\lib\config\config-chain.js:56:36)
    at buildRootChain.next (<anonymous>)
    at loadPrivatePartialConfig (C:\Users\user\Desktop\PROJECT\BIke-project\frontend\mobile\node_modules\@babel\core\lib\config\partial.js:72:62)
    at loadPrivatePartialConfig.next (<anonymous>)
    at loadFullConfig (C:\Users\user\Desktop\PROJECT\BIke-project\frontend\mobile\node_modules\@babel\core\lib\config\full.js:36:46)
    at loadFullConfig.next (<anonymous>)
    at transform (C:\Users\user\Desktop\PROJECT\BIke-project\frontend\mobile\node_modules\@babel\core\lib\transform.js:20:44)
    at transform.next (<anonymous>)
    at evaluateSync (C:\Users\user\Desktop\PROJECT\BIke-project\frontend\mobile\node_modules\gensync\index.js:251:28)
    at sync (C:\Users\user\Desktop\PROJECT\BIke-project\frontend\mobile\node_modules\gensync\index.js:89:14)
    at stopHiding - secret - don't use this - v1 (C:\Users\user\Desktop\PROJECT\BIke-project\frontend\mobile\node_modules\@babel\core\lib\errors\rewrite-stack-trace.js:47:12)
    at Object.transformSync (C:\Users\user\Desktop\PROJECT\BIke-project\frontend\mobile\node_modules\@babel\core\lib\transform.js:40:76)
    at parseWithBabel (C:\Users\user\Desktop\PROJECT\BIke-project\frontend\mobile\node_modules\@expo\metro-config\build\transformSync.js:75:18)
    at transformSync (C:\Users\user\Desktop\PROJECT\BIke-project\frontend\mobile\node_modules\@expo\metro-config\build\transformSync.js:54:16)
    at Object.transform (C:\Users\user\Desktop\PROJECT\BIke-project\frontend\mobile\node_modules\@expo\metro-config\build\babel-transformer.js:132:58)
    at transformJSWithBabel (C:\Users\user\Desktop\PROJECT\BIke-project\frontend\mobile\node_modules\@expo\metro-config\build\transform-worker\metro-transform-worker.js:478:47)
    at Object.transform (C:\Users\user\Desktop\PROJECT\BIke-project\frontend\mobile\node_modules\@expo\metro-config\build\transform-worker\metro-transform-worker.js:595:12)
    at Object.transform (C:\Users\user\Desktop\PROJECT\BIke-project\frontend\mobile\node_modules\@expo\metro-config\build\transform-worker\transform-worker.js:178:19)
